May 05, 2020 9:37:21 PM controller.PlayerController SignUp
INFO: USER  : eee
CREATED AT : 2020/05/05 21:37:21
PASSWORD : 637a81ed8e8217bb01c15c67c39b43b0ab4e20f1

May 05, 2020 9:37:23 PM gui.GameFrame goToPanel
INFO: Panel changed to mainMenu
May 05, 2020 9:37:24 PM gui.GameFrame goToPanel
INFO: Panel changed to settingsPanel
May 05, 2020 9:37:24 PM gui.panels.MainMenu actionPerformed
INFO: settings button clicked - MainMenu
May 05, 2020 9:37:29 PM gui.GameFrame goToPanel
INFO: Panel changed to mainMenu
May 05, 2020 9:37:34 PM gui.panels.PlayPanel setPassives
INFO: passive TwiceDraw selected - PlayPanel
May 05, 2020 9:37:34 PM controller.BoardController drawCard
INFO: draw card - PlayPanel

May 05, 2020 9:37:35 PM gui.GameFrame goToPanel
INFO: Panel changed to playPanel
May 05, 2020 9:37:35 PM gui.panels.MainMenu actionPerformed
INFO: play button clicked - MainMenu
May 05, 2020 9:37:44 PM gui.GameFrame goToPanel
INFO: Panel changed to mainMenu
May 05, 2020 9:37:47 PM gui.GameFrame goToPanel
INFO: Panel changed to statusPanel
May 05, 2020 9:37:47 PM gui.panels.MainMenu actionPerformed
INFO: status button clicked - MainMenu
May 05, 2020 9:37:49 PM gui.panels.StatusPanel$2 actionPerformed
INFO:  button clicked - Status - to show information of deck optional Mage deck
May 05, 2020 9:38:35 PM gui.GameFrame goToPanel
INFO: Panel changed to mainMenu
May 05, 2020 9:38:38 PM gui.GameFrame goToPanel
INFO: Panel changed to settingsPanel
May 05, 2020 9:38:38 PM gui.panels.MainMenu actionPerformed
INFO: settings button clicked - MainMenu
May 05, 2020 9:51:28 PM gui.GameFrame goToPanel
INFO: Panel changed to mainMenu
May 05, 2020 9:51:35 PM gui.GameFrame goToPanel
INFO: Panel changed to collectionPanel
May 05, 2020 9:51:35 PM gui.panels.MainMenu actionPerformed
INFO: play button clicked - MainMenu
May 05, 2020 9:51:42 PM gui.GameFrame goToPanel
INFO: Panel changed to mainMenu
May 05, 2020 9:51:46 PM gui.GameFrame goToPanel
INFO: Panel changed to collectionPanel
May 05, 2020 9:51:46 PM gui.panels.MainMenu actionPerformed
INFO: play button clicked - MainMenu
