May 06, 2020 1:26:08 AM controller.PlayerController SignUp
INFO: USER  : ghjkl
CREATED AT : 2020/05/06 01:26:08
PASSWORD : d13150fd106676133ad3bd816c2c7a57a3638029

May 06, 2020 1:26:17 AM gui.GameFrame goToPanel
INFO: Panel changed to mainMenu
May 06, 2020 1:28:20 AM gui.GameFrame goToPanel
INFO: Panel changed to collectionPanel
May 06, 2020 1:28:20 AM gui.panels.MainMenu actionPerformed
INFO: collection button clicked - MainMenu
May 06, 2020 1:28:24 AM gui.panels.CollectionPanel actionPerformed
INFO: Creat Deck button clicked - Collection
May 06, 2020 1:28:29 AM gui.panels.CollectionPanel actionPerformed
INFO: created deckeeeeee - Collection
May 06, 2020 1:28:32 AM gui.GameFrame goToPanel
INFO: Panel changed to mainMenu
May 06, 2020 1:28:35 AM gui.GameFrame goToPanel
INFO: Panel changed to statusPanel
May 06, 2020 1:28:35 AM gui.panels.MainMenu actionPerformed
INFO: status button clicked - MainMenu
May 06, 2020 1:28:38 AM gui.panels.StatusPanel$2 actionPerformed
INFO:  button clicked - Status - to show information of deck optional Mage deck
May 06, 2020 1:28:40 AM gui.panels.StatusPanel$2 actionPerformed
INFO:  button clicked - Status - to show information of deck eeeeee
May 06, 2020 1:28:42 AM gui.panels.StatusPanel$2 actionPerformed
INFO:  button clicked - Status - to show information of deck optional Mage deck
May 06, 2020 1:28:45 AM gui.panels.StatusPanel$2 actionPerformed
INFO:  button clicked - Status - to show information of deck optional Mage deck
May 06, 2020 1:28:46 AM gui.panels.StatusPanel$2 actionPerformed
INFO:  button clicked - Status - to show information of deck optional Mage deck
May 06, 2020 1:28:46 AM gui.panels.StatusPanel$2 actionPerformed
INFO:  button clicked - Status - to show information of deck optional Mage deck
May 06, 2020 1:29:34 AM gui.GameFrame goToPanel
INFO: Panel changed to mainMenu
May 06, 2020 1:29:38 AM gui.GameFrame goToPanel
INFO: Panel changed to collectionPanel
May 06, 2020 1:29:38 AM gui.panels.MainMenu actionPerformed
INFO: collection button clicked - MainMenu
May 06, 2020 1:29:42 AM gui.panels.CollectionPanel actionPerformed
INFO: Class Cards button clicked - Collection
May 06, 2020 1:29:45 AM gui.panels.CollectionPanel actionPerformed
INFO: Rouge Cards button clicked - Collection
May 06, 2020 1:29:49 AM gui.panels.CollectionPanel lambda$updateCardsShowCase$0
INFO: button clicked for adding a card to deck - Collection - BlinkFox added to deck : eeeeee
May 06, 2020 1:29:52 AM gui.panels.CollectionPanel actionPerformed
INFO: Class Cards button clicked - Collection
May 06, 2020 1:29:53 AM gui.panels.CollectionPanel actionPerformed
INFO: Neutral Cards button clicked - Collection
May 06, 2020 1:30:07 AM gui.panels.CollectionPanel lambda$updateCardsShowCase$0
INFO: button clicked for adding a card to deck - Collection - MalygossNova added to deck : eeeeee
May 06, 2020 1:30:15 AM gui.panels.CollectionPanel actionPerformed
INFO: Unlocked Cards button clicked - Collection
May 06, 2020 1:30:22 AM gui.panels.CollectionPanel lambda$updateCardsShowCase$0
INFO: button clicked for adding a card to deck - Collection - MalygossExplosion added to deck : eeeeee
May 06, 2020 1:30:29 AM gui.panels.CollectionPanel lambda$updateCardsShowCase$0
INFO: button clicked for adding a card to deck - Collection - MagmaRager added to deck : eeeeee
May 06, 2020 1:30:37 AM gui.panels.CollectionPanel lambda$updateCardsShowCase$0
INFO: button clicked for adding a card to deck - Collection - HungryCrab added to deck : eeeeee
May 06, 2020 1:30:44 AM gui.panels.CollectionPanel lambda$updateCardsShowCase$0
INFO: button clicked for adding a card to deck - Collection - TimeRip added to deck : eeeeee
May 06, 2020 1:30:52 AM gui.panels.CollectionPanel lambda$updateCardsShowCase$0
INFO: button clicked for adding a card to deck - Collection - Backstab added to deck : eeeeee
May 06, 2020 1:31:01 AM gui.panels.CollectionPanel lambda$updateCardsShowCase$0
INFO: button clicked for adding a card to deck - Collection - GoblinBomb added to deck : eeeeee
May 06, 2020 1:31:13 AM gui.panels.CollectionPanel lambda$updateCardsShowCase$0
INFO: button clicked for adding a card to deck - Collection - RollingFireball added to deck : eeeeee
May 06, 2020 1:31:19 AM gui.panels.CollectionPanel lambda$updateCardsShowCase$0
INFO: button clicked for adding a card to deck - Collection - GoblinBomb added to deck : eeeeee
May 06, 2020 1:31:27 AM gui.panels.CollectionPanel lambda$updateCardsShowCase$0
INFO: button clicked for adding a card to deck - Collection - Backstab added to deck : eeeeee
May 06, 2020 1:31:41 AM gui.GameFrame goToPanel
INFO: Panel changed to mainMenu
May 06, 2020 1:33:12 AM controller.BoardController drawCard
INFO: draw card - PlayPanel

May 06, 2020 1:33:12 AM gui.GameFrame goToPanel
INFO: Panel changed to playPanel
May 06, 2020 1:33:20 AM gui.panels.MainMenu setPassives
INFO: passive TwiceDraw selected - PlayPanel
May 06, 2020 1:33:20 AM gui.panels.MainMenu actionPerformed
INFO: play button clicked - MainMenu
May 06, 2020 1:33:50 AM gui.GameFrame goToPanel
INFO: Panel changed to mainMenu
May 06, 2020 1:33:53 AM gui.GameFrame goToPanel
INFO: Panel changed to statusPanel
May 06, 2020 1:33:53 AM gui.panels.MainMenu actionPerformed
INFO: status button clicked - MainMenu
May 06, 2020 1:33:54 AM gui.panels.StatusPanel$2 actionPerformed
INFO:  button clicked - Status - to show information of deck eeeeee
May 06, 2020 1:33:56 AM gui.panels.StatusPanel$1 actionPerformed
INFO: select deck button clicked - Status - changed current deck to : eeeeee
May 06, 2020 1:34:00 AM gui.GameFrame goToPanel
INFO: Panel changed to mainMenu
May 06, 2020 1:34:05 AM controller.BoardController drawCard
INFO: draw card - PlayPanel

May 06, 2020 1:34:06 AM gui.GameFrame goToPanel
INFO: Panel changed to playPanel
May 06, 2020 1:34:10 AM gui.panels.MainMenu setPassives
INFO: passive TwiceDraw selected - PlayPanel
May 06, 2020 1:34:10 AM gui.panels.MainMenu actionPerformed
INFO: play button clicked - MainMenu
