May 06, 2020 2:30:15 PM controller.PlayerController SignUp
INFO: USER  : hhhh
CREATED AT : 2020/05/06 14:30:15
PASSWORD : effdb5f96a28acd2eb19dcb15d8f43af762bd0ae

May 06, 2020 2:30:18 PM gui.GameFrame goToPanel
INFO: Panel changed to mainMenu
May 06, 2020 2:31:30 PM gui.GameFrame goToPanel
INFO: Panel changed to shopPanel
May 06, 2020 2:31:30 PM gui.panels.MainMenu actionPerformed
INFO: shop button clicked - MainMenu
May 06, 2020 2:31:38 PM gui.panels.ShopPanel actionPerformed
INFO: button clicked to illustrate buy show case - Shop
May 06, 2020 2:32:00 PM gui.panels.ShopPanel$1 actionPerformed
INFO: card FrozenShadoweaver clicked in buy show case - Shop - showing information of card in side panel
May 06, 2020 2:32:04 PM gui.panels.ShopPanel$1 actionPerformed
INFO: card HeadhuntersHatchet clicked in buy show case - Shop - showing information of card in side panel
May 06, 2020 2:32:08 PM gui.panels.ShopPanel actionPerformed
INFO: button clicked to buy a card - Shop -  bought card HeadhuntersHatchet successfully
May 06, 2020 2:32:19 PM gui.panels.ShopPanel actionPerformed
INFO: button clicked to illustrate sell show case - Shop
May 06, 2020 2:33:01 PM gui.GameFrame goToPanel
INFO: Panel changed to mainMenu
May 06, 2020 2:33:06 PM gui.GameFrame goToPanel
INFO: Panel changed to shopPanel
May 06, 2020 2:33:06 PM gui.panels.MainMenu actionPerformed
INFO: shop button clicked - MainMenu
May 06, 2020 2:33:08 PM gui.panels.ShopPanel actionPerformed
INFO: button clicked to illustrate sell show case - Shop
May 06, 2020 2:33:36 PM gui.GameFrame goToPanel
INFO: Panel changed to mainMenu
May 06, 2020 2:33:40 PM gui.GameFrame goToPanel
INFO: Panel changed to statusPanel
May 06, 2020 2:33:40 PM gui.panels.MainMenu actionPerformed
INFO: status button clicked - MainMenu
May 06, 2020 2:33:41 PM gui.panels.StatusPanel$2 actionPerformed
INFO:  button clicked - Status - to show information of deck optional Mage deck
May 06, 2020 2:37:00 PM gui.GameFrame goToPanel
INFO: Panel changed to mainMenu
May 06, 2020 2:37:36 PM gui.GameFrame goToPanel
INFO: Panel changed to statusPanel
May 06, 2020 2:37:36 PM gui.panels.MainMenu actionPerformed
INFO: status button clicked - MainMenu
May 06, 2020 2:37:38 PM gui.panels.StatusPanel$2 actionPerformed
INFO:  button clicked - Status - to show information of deck optional Mage deck
May 06, 2020 2:38:19 PM gui.GameFrame goToPanel
INFO: Panel changed to mainMenu
May 06, 2020 2:38:36 PM gui.GameFrame goToPanel
INFO: Panel changed to collectionPanel
May 06, 2020 2:38:36 PM gui.panels.MainMenu actionPerformed
INFO: collection button clicked - MainMenu
May 06, 2020 2:50:13 PM gui.panels.CollectionPanel actionPerformed
INFO: All Cards button clicked - Collection
May 06, 2020 2:51:05 PM gui.panels.CollectionPanel lambda$updateCardsShowCase$0
INFO: button clicked for adding a card to deck - Collection - MalygossNova added to deck : null
May 06, 2020 2:51:16 PM gui.GameFrame goToPanel
INFO: Panel changed to mainMenu
May 06, 2020 2:52:20 PM controller.BoardController drawCard
INFO: draw card - PlayPanel

May 06, 2020 2:52:21 PM gui.GameFrame goToPanel
INFO: Panel changed to playPanel
May 06, 2020 2:52:23 PM gui.panels.MainMenu setPassives
INFO: passive TwiceDraw selected - PlayPanel
May 06, 2020 2:52:23 PM gui.panels.MainMenu actionPerformed
INFO: play button clicked - MainMenu
May 06, 2020 2:52:30 PM gui.panels.PlayPanel actionPerformed
INFO: PlayCard button clicked - Collection
May 06, 2020 2:52:30 PM controller.BoardController playCard
INFO: played card - PlayPanel
May 06, 2020 2:52:36 PM gui.panels.PlayPanel actionPerformed
INFO:  button clicked - Collection
May 06, 2020 2:52:36 PM controller.BoardController drawCard
INFO: draw card - PlayPanel

May 06, 2020 2:52:41 PM gui.panels.PlayPanel actionPerformed
INFO: PlayCard button clicked - Collection
May 06, 2020 2:52:41 PM controller.BoardController playCard
INFO: played card - PlayPanel
May 06, 2020 2:52:45 PM gui.panels.PlayPanel actionPerformed
INFO: PlayCard button clicked - Collection
May 06, 2020 2:55:22 PM gui.panels.PlayPanel actionPerformed
INFO:  button clicked - Collection
May 06, 2020 2:55:22 PM controller.BoardController drawCard
INFO: draw card - PlayPanel

May 06, 2020 2:55:28 PM gui.panels.PlayPanel actionPerformed
INFO: PlayCard button clicked - Collection
May 06, 2020 2:55:32 PM gui.panels.PlayPanel actionPerformed
INFO: PlayCard button clicked - Collection
May 06, 2020 2:55:33 PM controller.BoardController playCard
INFO: played card - PlayPanel
May 06, 2020 2:55:35 PM gui.panels.PlayPanel actionPerformed
INFO:  button clicked - Collection
May 06, 2020 2:55:35 PM controller.BoardController drawCard
INFO: draw card - PlayPanel

May 06, 2020 2:55:38 PM gui.panels.PlayPanel actionPerformed
INFO: PlayCard button clicked - Collection
May 06, 2020 2:55:38 PM controller.BoardController playCard
INFO: played card - PlayPanel
May 06, 2020 2:55:45 PM gui.panels.PlayPanel actionPerformed
INFO: PlayCard button clicked - Collection
May 06, 2020 2:55:45 PM controller.BoardController playCard
INFO: played card - PlayPanel
May 06, 2020 2:55:48 PM gui.panels.PlayPanel actionPerformed
INFO:  button clicked - Collection
May 06, 2020 2:55:52 PM gui.panels.PlayPanel actionPerformed
INFO:  button clicked - Collection
