May 05, 2020 8:29:02 PM controller.PlayerController SignUp
INFO: USER  : iii
CREATED AT : 2020/05/05 20:29:02
PASSWORD : 425ffc1422dc4f32528bd9fd5af355fdb5c96192

May 05, 2020 8:29:03 PM gui.GameFrame goToPanel
INFO: Panel changed to mainMenu
May 05, 2020 8:30:24 PM controller.PlayerController SignIn
INFO: USER  : iii
Signed_In AT : 2020/05/05 20:30:24
PASSWORD : 425ffc1422dc4f32528bd9fd5af355fdb5c96192

May 05, 2020 8:30:25 PM gui.GameFrame goToPanel
INFO: Panel changed to mainMenu
May 05, 2020 8:31:38 PM controller.PlayerController SignIn
INFO: USER  : iii
Signed_In AT : 2020/05/05 20:31:38
PASSWORD : 425ffc1422dc4f32528bd9fd5af355fdb5c96192

May 05, 2020 8:31:39 PM gui.GameFrame goToPanel
INFO: Panel changed to mainMenu
May 05, 2020 8:41:21 PM controller.PlayerController SignIn
INFO: USER  : iii
Signed_In AT : 2020/05/05 20:41:21
PASSWORD : 425ffc1422dc4f32528bd9fd5af355fdb5c96192

May 05, 2020 8:41:22 PM gui.GameFrame goToPanel
INFO: Panel changed to mainMenu
May 05, 2020 8:41:28 PM gui.GameFrame goToPanel
INFO: Panel changed to settingsPanel
May 05, 2020 8:41:28 PM gui.panels.MainMenu actionPerformed
INFO: settings button clicked - MainMenu
May 05, 2020 8:47:03 PM controller.PlayerController SignIn
INFO: USER  : iii
Signed_In AT : 2020/05/05 20:47:03
PASSWORD : 425ffc1422dc4f32528bd9fd5af355fdb5c96192

May 05, 2020 8:47:04 PM gui.GameFrame goToPanel
INFO: Panel changed to mainMenu
May 05, 2020 8:47:14 PM gui.GameFrame goToPanel
INFO: Panel changed to settingsPanel
May 05, 2020 8:47:14 PM gui.panels.MainMenu actionPerformed
INFO: settings button clicked - MainMenu
May 05, 2020 8:50:01 PM controller.PlayerController SignIn
INFO: USER  : iii
Signed_In AT : 2020/05/05 20:50:01
PASSWORD : 425ffc1422dc4f32528bd9fd5af355fdb5c96192

May 05, 2020 8:50:02 PM gui.GameFrame goToPanel
INFO: Panel changed to mainMenu
May 05, 2020 8:50:04 PM gui.GameFrame goToPanel
INFO: Panel changed to settingsPanel
May 05, 2020 8:50:04 PM gui.panels.MainMenu actionPerformed
INFO: settings button clicked - MainMenu
