May 06, 2020 7:27:40 PM controller.PlayerController SignUp
INFO: USER  : iiiii
CREATED AT : 2020/05/06 19:27:40
PASSWORD : c3ae457bb31ea0b0df811cf615e81cb46fefdbe9

May 06, 2020 7:27:42 PM gui.GameFrame goToPanel
INFO: Panel changed to mainMenu
May 06, 2020 7:27:58 PM gui.GameFrame goToPanel
INFO: Panel changed to statusPanel
May 06, 2020 7:27:58 PM gui.panels.MainMenu actionPerformed
INFO: status button clicked - MainMenu
May 06, 2020 7:27:59 PM gui.panels.StatusPanel$2 actionPerformed
INFO:  button clicked - Status - to show information of deck optional Mage deck
May 06, 2020 7:28:22 PM gui.GameFrame goToPanel
INFO: Panel changed to mainMenu
May 06, 2020 7:28:24 PM gui.GameFrame goToPanel
INFO: Panel changed to settingsPanel
May 06, 2020 7:28:24 PM gui.panels.MainMenu actionPerformed
INFO: settings button clicked - MainMenu
May 06, 2020 7:28:29 PM gui.GameFrame goToPanel
INFO: Panel changed to mainMenu
May 06, 2020 7:28:38 PM controller.BoardController drawCard
INFO: draw card - PlayPanel

May 06, 2020 7:28:38 PM gui.GameFrame goToPanel
INFO: Panel changed to playPanel
May 06, 2020 7:28:38 PM gui.panels.MainMenu actionPerformed
INFO: play button clicked - MainMenu
May 06, 2020 7:29:43 PM gui.GameFrame goToPanel
INFO: Panel changed to mainMenu
May 06, 2020 7:29:47 PM gui.GameFrame goToPanel
INFO: Panel changed to settingsPanel
May 06, 2020 7:29:47 PM gui.panels.MainMenu actionPerformed
INFO: settings button clicked - MainMenu
May 06, 2020 7:29:50 PM gui.GameFrame goToPanel
INFO: Panel changed to mainMenu
May 06, 2020 7:29:55 PM gui.GameFrame goToPanel
INFO: Panel changed to statusPanel
May 06, 2020 7:29:55 PM gui.panels.MainMenu actionPerformed
INFO: status button clicked - MainMenu
May 06, 2020 7:29:57 PM gui.panels.StatusPanel$2 actionPerformed
INFO:  button clicked - Status - to show information of deck optional Mage deck
May 06, 2020 7:31:18 PM gui.GameFrame goToPanel
INFO: Panel changed to mainMenu
May 06, 2020 7:31:21 PM controller.BoardController drawCard
INFO: draw card - PlayPanel

May 06, 2020 7:31:22 PM gui.GameFrame goToPanel
INFO: Panel changed to playPanel
May 06, 2020 7:31:22 PM gui.panels.MainMenu actionPerformed
INFO: play button clicked - MainMenu
