May 06, 2020 9:18:12 PM controller.PlayerController SignUp
INFO: USER  : jjj
CREATED AT : 2020/05/06 21:18:12
PASSWORD : c84c766f873ecedf75aa6cf35f1e305e095fec83

May 06, 2020 9:18:15 PM gui.GameFrame goToPanel
INFO: Panel changed to mainMenu
May 06, 2020 9:18:23 PM controller.PlayerController setPassives
INFO: passive ManaJump selected - PlayPanel
May 06, 2020 9:18:24 PM controller.BoardController drawCard
INFO: draw card - PlayPanel

May 06, 2020 9:18:24 PM gui.GameFrame goToPanel
INFO: Panel changed to playPanel
May 06, 2020 9:18:24 PM gui.panels.MainMenu actionPerformed
INFO: play button clicked - MainMenu
May 06, 2020 9:18:30 PM gui.panels.PlayPanel actionPerformed
INFO: PlayCard button clicked - Collection
May 06, 2020 9:18:31 PM controller.BoardController playCard
INFO: played card - PlayPanel
May 06, 2020 9:18:32 PM gui.panels.PlayPanel actionPerformed
INFO:  button clicked - Collection
May 06, 2020 9:18:32 PM controller.BoardController drawCard
INFO: draw card - PlayPanel

May 06, 2020 9:18:40 PM gui.panels.PlayPanel actionPerformed
INFO: PlayCard button clicked - Collection
May 06, 2020 9:18:40 PM controller.BoardController playCard
INFO: played card - PlayPanel
May 06, 2020 9:18:44 PM gui.panels.PlayPanel actionPerformed
INFO:  button clicked - Collection
May 06, 2020 9:18:44 PM controller.BoardController drawCard
INFO: draw card - PlayPanel

May 06, 2020 9:18:56 PM gui.panels.PlayPanel actionPerformed
INFO: PlayCard button clicked - Collection
May 06, 2020 9:18:56 PM controller.BoardController playCard
INFO: played card - PlayPanel
May 06, 2020 9:18:58 PM gui.panels.PlayPanel actionPerformed
INFO:  button clicked - Collection
May 06, 2020 9:18:58 PM controller.BoardController drawCard
INFO: draw card - PlayPanel

May 06, 2020 9:19:01 PM gui.panels.PlayPanel actionPerformed
INFO: PlayCard button clicked - Collection
May 06, 2020 9:19:01 PM controller.BoardController playCard
INFO: played card - PlayPanel
May 06, 2020 9:20:33 PM gui.panels.PlayPanel actionPerformed
INFO:  button clicked - Collection
May 06, 2020 9:20:33 PM controller.BoardController drawCard
INFO: draw card - PlayPanel

May 06, 2020 9:20:42 PM gui.GameFrame goToPanel
INFO: Panel changed to mainMenu
May 06, 2020 9:20:44 PM gui.GameFrame goToPanel
INFO: Panel changed to settingsPanel
May 06, 2020 9:20:44 PM gui.panels.MainMenu actionPerformed
INFO: settings button clicked - MainMenu
May 06, 2020 9:20:51 PM gui.GameFrame goToPanel
INFO: Panel changed to mainMenu
May 06, 2020 9:20:54 PM gui.GameFrame goToPanel
INFO: Panel changed to shopPanel
May 06, 2020 9:20:54 PM gui.panels.MainMenu actionPerformed
INFO: shop button clicked - MainMenu
May 06, 2020 9:21:00 PM gui.panels.ShopPanel actionPerformed
INFO: button clicked to illustrate buy show case - Shop
May 06, 2020 9:21:04 PM gui.panels.ShopPanel$1 actionPerformed
INFO: card InfectiousSporeling clicked in buy show case - Shop - showing information of card in side panel
May 06, 2020 9:21:08 PM gui.panels.ShopPanel actionPerformed
INFO: button clicked to buy a card - Shop -  bought card InfectiousSporeling successfully
May 06, 2020 9:21:56 PM gui.panels.ShopPanel actionPerformed
INFO: button clicked to illustrate sell show case - Shop
May 06, 2020 9:22:00 PM gui.GameFrame goToPanel
INFO: Panel changed to mainMenu
May 06, 2020 9:22:03 PM gui.GameFrame goToPanel
INFO: Panel changed to statusPanel
May 06, 2020 9:22:03 PM gui.panels.MainMenu actionPerformed
INFO: status button clicked - MainMenu
May 06, 2020 9:22:04 PM gui.panels.StatusPanel$2 actionPerformed
INFO:  button clicked - Status - to show information of deck optional Mage deck
