May 05, 2020 7:59:07 PM controller.PlayerController SignUp
INFO: USER  : kkk
CREATED AT : 2020/05/05 19:59:07
PASSWORD : 5150d2104c8cd974b27fad3f25ec4e8098bb7bbe

May 05, 2020 7:59:08 PM gui.GameFrame goToPanel
INFO: Panel changed to mainMenu
May 05, 2020 7:59:12 PM gui.GameFrame goToPanel
INFO: Panel changed to statusPanel
May 05, 2020 7:59:12 PM gui.panels.MainMenu actionPerformed
INFO: status button clicked - MainMenu
May 05, 2020 7:59:14 PM gui.panels.StatusPanel$2 actionPerformed
INFO:  button clicked - Status - to show information of deck optional Mage deck
May 05, 2020 8:00:08 PM gui.GameFrame goToPanel
INFO: Panel changed to mainMenu
May 05, 2020 8:00:27 PM gui.panels.PlayPanel setPassives
INFO: passive TwiceDraw selected - PlayPanel
May 05, 2020 8:00:27 PM controller.BoardController drawCard
INFO: draw card - PlayPanel

May 05, 2020 8:00:27 PM gui.GameFrame goToPanel
INFO: Panel changed to playPanel
May 05, 2020 8:00:27 PM gui.panels.MainMenu actionPerformed
INFO: play button clicked - MainMenu
May 05, 2020 8:00:33 PM gui.panels.PlayPanel actionPerformed
INFO:  button clicked - Collection
May 05, 2020 8:00:33 PM controller.BoardController drawCard
INFO: draw card - PlayPanel

May 05, 2020 8:00:38 PM gui.panels.PlayPanel actionPerformed
INFO: PlayCard button clicked - Collection
May 05, 2020 8:00:45 PM gui.panels.PlayPanel actionPerformed
INFO: PlayCard button clicked - Collection
May 05, 2020 8:00:54 PM gui.panels.PlayPanel actionPerformed
INFO: PlayCard button clicked - Collection
May 05, 2020 8:00:55 PM controller.BoardController playCard
INFO: played card - PlayPanel
May 05, 2020 8:00:58 PM gui.panels.PlayPanel actionPerformed
INFO: PlayCard button clicked - Collection
May 05, 2020 8:00:58 PM controller.BoardController playCard
INFO: played card - PlayPanel
May 05, 2020 8:01:03 PM gui.panels.PlayPanel actionPerformed
INFO:  button clicked - Collection
May 05, 2020 8:01:03 PM controller.BoardController drawCard
INFO: draw card - PlayPanel

May 05, 2020 8:01:07 PM gui.panels.PlayPanel actionPerformed
INFO: PlayCard button clicked - Collection
May 05, 2020 8:01:07 PM controller.BoardController playCard
INFO: played card - PlayPanel
May 05, 2020 8:01:10 PM gui.panels.PlayPanel actionPerformed
INFO:  button clicked - Collection
May 05, 2020 8:01:10 PM controller.BoardController drawCard
INFO: draw card - PlayPanel

May 05, 2020 8:01:15 PM gui.panels.PlayPanel actionPerformed
INFO: PlayCard button clicked - Collection
May 05, 2020 8:01:15 PM controller.BoardController playCard
INFO: played card - PlayPanel
May 05, 2020 8:01:22 PM gui.panels.PlayPanel actionPerformed
INFO: PlayCard button clicked - Collection
May 05, 2020 8:01:22 PM controller.BoardController playCard
INFO: played card - PlayPanel
May 05, 2020 8:01:24 PM gui.panels.PlayPanel actionPerformed
INFO:  button clicked - Collection
May 05, 2020 8:01:24 PM controller.BoardController drawCard
INFO: draw card - PlayPanel

May 05, 2020 8:01:32 PM gui.panels.PlayPanel actionPerformed
INFO: PlayCard button clicked - Collection
May 05, 2020 8:01:32 PM controller.BoardController playCard
INFO: played card - PlayPanel
May 05, 2020 8:01:38 PM gui.panels.PlayPanel actionPerformed
INFO: PlayCard button clicked - Collection
May 05, 2020 8:01:45 PM gui.panels.PlayPanel actionPerformed
INFO: PlayCard button clicked - Collection
May 05, 2020 8:01:45 PM controller.BoardController playCard
INFO: played card - PlayPanel
May 05, 2020 8:01:46 PM gui.panels.PlayPanel actionPerformed
INFO: Events button clicked - Collection
May 05, 2020 8:01:49 PM gui.panels.PlayPanel actionPerformed
INFO: Events button clicked - Collection
May 05, 2020 8:02:11 PM gui.panels.PlayPanel actionPerformed
INFO: PlayCard button clicked - Collection
May 05, 2020 8:02:18 PM gui.panels.PlayPanel actionPerformed
INFO:  button clicked - Collection
May 05, 2020 8:02:23 PM gui.panels.PlayPanel actionPerformed
INFO:  button clicked - Collection
