May 06, 2020 12:43:39 AM controller.PlayerController SignUp
INFO: USER  : Lachin
CREATED AT : 2020/05/06 00:43:39
PASSWORD : 9d4e1e23bd5b727046a9e3b4b7db57bd8d6ee684

May 06, 2020 12:43:40 AM gui.GameFrame goToPanel
INFO: Panel changed to mainMenu
May 06, 2020 12:43:45 AM gui.GameFrame goToPanel
INFO: Panel changed to settingsPanel
May 06, 2020 12:43:45 AM gui.panels.MainMenu actionPerformed
INFO: settings button clicked - MainMenu
May 06, 2020 12:44:05 AM gui.GameFrame goToPanel
INFO: Panel changed to mainMenu
May 06, 2020 12:44:11 AM gui.GameFrame goToPanel
INFO: Panel changed to playPanel
May 06, 2020 12:44:13 AM gui.panels.MainMenu setPassives
INFO: passive ManaJump selected - PlayPanel
May 06, 2020 12:44:13 AM gui.panels.MainMenu actionPerformed
INFO: play button clicked - MainMenu
May 06, 2020 12:47:29 AM gui.panels.PlayPanel actionPerformed
INFO:  button clicked - Collection
May 06, 2020 12:47:29 AM controller.BoardController drawCard
INFO: draw card - PlayPanel

May 06, 2020 12:47:32 AM gui.panels.PlayPanel actionPerformed
INFO:  button clicked - Collection
May 06, 2020 12:47:32 AM controller.BoardController drawCard
INFO: draw card - PlayPanel

May 06, 2020 12:47:38 AM gui.panels.PlayPanel actionPerformed
INFO: PlayCard button clicked - Collection
May 06, 2020 12:47:38 AM controller.BoardController playCard
INFO: played card - PlayPanel
May 06, 2020 12:47:45 AM gui.panels.PlayPanel actionPerformed
INFO: PlayCard button clicked - Collection
May 06, 2020 12:47:45 AM controller.BoardController playCard
INFO: played card - PlayPanel
May 06, 2020 12:48:31 AM gui.panels.PlayPanel actionPerformed
INFO:  button clicked - Collection
May 06, 2020 12:48:31 AM controller.BoardController drawCard
INFO: draw card - PlayPanel

May 06, 2020 12:48:34 AM gui.panels.PlayPanel actionPerformed
INFO: PlayCard button clicked - Collection
May 06, 2020 12:48:34 AM controller.BoardController playCard
INFO: played card - PlayPanel
May 06, 2020 12:48:39 AM gui.panels.PlayPanel actionPerformed
INFO:  button clicked - Collection
May 06, 2020 12:48:39 AM controller.BoardController drawCard
INFO: draw card - PlayPanel

May 06, 2020 12:48:43 AM gui.panels.PlayPanel actionPerformed
INFO: PlayCard button clicked - Collection
May 06, 2020 12:48:43 AM controller.BoardController playCard
INFO: played card - PlayPanel
May 06, 2020 12:48:46 AM gui.panels.PlayPanel actionPerformed
INFO:  button clicked - Collection
May 06, 2020 12:48:53 AM gui.panels.PlayPanel actionPerformed
INFO:  button clicked - Collection
May 06, 2020 12:48:53 AM controller.BoardController drawCard
INFO: draw card - PlayPanel

May 06, 2020 12:48:57 AM gui.panels.PlayPanel actionPerformed
INFO: PlayCard button clicked - Collection
May 06, 2020 12:48:57 AM controller.BoardController playCard
INFO: played card - PlayPanel
May 06, 2020 12:49:00 AM gui.panels.PlayPanel actionPerformed
INFO:  button clicked - Collection
May 06, 2020 12:49:00 AM controller.BoardController drawCard
INFO: draw card - PlayPanel

May 06, 2020 12:49:04 AM gui.panels.PlayPanel actionPerformed
INFO: PlayCard button clicked - Collection
May 06, 2020 12:49:04 AM controller.BoardController playCard
INFO: played card - PlayPanel
May 06, 2020 12:49:08 AM gui.panels.PlayPanel actionPerformed
INFO:  button clicked - Collection
May 06, 2020 12:49:17 AM gui.panels.PlayPanel actionPerformed
INFO:  button clicked - Collection
May 06, 2020 12:49:17 AM controller.BoardController drawCard
INFO: draw card - PlayPanel

