May 06, 2020 11:15:26 PM controller.PlayerController SignUp
INFO: USER  : Lala
CREATED AT : 2020/05/06 23:15:26
PASSWORD : 4d13fcc6eda389d4d679602171e11593eadae9b9

May 06, 2020 11:15:28 PM gui.GameFrame goToPanel
INFO: Panel changed to mainMenu
May 06, 2020 11:15:57 PM gui.GameFrame goToPanel
INFO: Panel changed to statusPanel
May 06, 2020 11:15:57 PM gui.panels.MainMenu actionPerformed
INFO: status button clicked - MainMenu
May 06, 2020 11:15:58 PM gui.panels.StatusPanel$2 actionPerformed
INFO:  button clicked - Status - to show information of deck optional Mage deck
May 06, 2020 11:16:09 PM gui.GameFrame goToPanel
INFO: Panel changed to mainMenu
May 06, 2020 11:16:14 PM controller.PlayerController setPassives
INFO: passive ManaJump selected - PlayPanel
May 06, 2020 11:16:15 PM controller.BoardController drawCard
INFO: draw card - PlayPanel

May 06, 2020 11:16:15 PM gui.GameFrame goToPanel
INFO: Panel changed to playPanel
May 06, 2020 11:16:15 PM gui.panels.MainMenu actionPerformed
INFO: play button clicked - MainMenu
May 06, 2020 11:17:39 PM gui.panels.PlayPanel actionPerformed
INFO: PlayCard button clicked - Collection
May 06, 2020 11:17:39 PM controller.BoardController playCard
INFO: played card - PlayPanel
May 06, 2020 11:17:45 PM gui.panels.PlayPanel actionPerformed
INFO:  button clicked - Collection
May 06, 2020 11:17:45 PM controller.BoardController drawCard
INFO: draw card - PlayPanel

May 06, 2020 11:17:46 PM gui.panels.PlayPanel actionPerformed
INFO:  button clicked - Collection
May 06, 2020 11:17:46 PM controller.BoardController drawCard
INFO: draw card - PlayPanel

May 06, 2020 11:18:02 PM gui.panels.PlayPanel actionPerformed
INFO: PlayCard button clicked - Collection
May 06, 2020 11:18:02 PM controller.BoardController playCard
INFO: played card - PlayPanel
May 06, 2020 11:18:07 PM gui.panels.PlayPanel actionPerformed
INFO: PlayCard button clicked - Collection
May 06, 2020 11:18:08 PM controller.BoardController playCard
INFO: played card - PlayPanel
May 06, 2020 11:18:09 PM gui.panels.PlayPanel actionPerformed
INFO:  button clicked - Collection
May 06, 2020 11:18:09 PM controller.BoardController drawCard
INFO: draw card - PlayPanel

May 06, 2020 11:18:13 PM gui.panels.PlayPanel actionPerformed
INFO: PlayCard button clicked - Collection
May 06, 2020 11:18:13 PM controller.BoardController playCard
INFO: played card - PlayPanel
May 06, 2020 11:18:15 PM gui.panels.PlayPanel actionPerformed
INFO: new Game button clicked - Collection
May 06, 2020 11:18:21 PM controller.PlayerController setPassives
INFO: passive ManaJump selected - PlayPanel
May 06, 2020 11:18:22 PM controller.BoardController drawCard
INFO: draw card - PlayPanel

May 06, 2020 11:18:22 PM gui.GameFrame goToPanel
INFO: Panel changed to playPanel
May 06, 2020 11:18:25 PM gui.panels.PlayPanel actionPerformed
INFO: PlayCard button clicked - Collection
May 06, 2020 11:18:25 PM controller.BoardController playCard
INFO: played card - PlayPanel
May 06, 2020 11:18:27 PM gui.panels.PlayPanel actionPerformed
INFO:  button clicked - Collection
May 06, 2020 11:18:27 PM controller.BoardController drawCard
INFO: draw card - PlayPanel

May 06, 2020 11:18:42 PM gui.panels.PlayPanel actionPerformed
INFO: PlayCard button clicked - Collection
May 06, 2020 11:18:42 PM controller.BoardController playCard
INFO: played card - PlayPanel
May 06, 2020 11:18:44 PM gui.panels.PlayPanel actionPerformed
INFO: PlayCard button clicked - Collection
May 06, 2020 11:18:44 PM controller.BoardController playCard
INFO: played card - PlayPanel
May 06, 2020 11:18:51 PM gui.panels.PlayPanel actionPerformed
INFO:  button clicked - Collection
May 06, 2020 11:18:51 PM controller.BoardController drawCard
INFO: draw card - PlayPanel

May 06, 2020 11:18:55 PM gui.panels.PlayPanel actionPerformed
INFO: PlayCard button clicked - Collection
May 06, 2020 11:18:55 PM controller.BoardController playCard
INFO: played card - PlayPanel
May 06, 2020 11:18:58 PM gui.GameFrame goToPanel
INFO: Panel changed to mainMenu
May 06, 2020 11:19:00 PM gui.GameFrame goToPanel
INFO: Panel changed to settingsPanel
May 06, 2020 11:19:00 PM gui.panels.MainMenu actionPerformed
INFO: settings button clicked - MainMenu
May 06, 2020 11:19:06 PM gui.GameFrame goToPanel
INFO: Panel changed to mainMenu
May 06, 2020 11:19:13 PM gui.GameFrame goToPanel
INFO: Panel changed to playPanel
May 06, 2020 11:19:13 PM gui.panels.MainMenu actionPerformed
INFO: play button clicked - MainMenu
May 06, 2020 11:19:23 PM gui.panels.PlayPanel actionPerformed
INFO:  button clicked - Collection
May 06, 2020 11:19:23 PM controller.BoardController drawCard
INFO: draw card - PlayPanel

May 06, 2020 11:19:31 PM gui.panels.PlayPanel actionPerformed
INFO: PlayCard button clicked - Collection
May 06, 2020 11:19:31 PM controller.BoardController playCard
INFO: played card - PlayPanel
May 06, 2020 11:19:34 PM gui.panels.PlayPanel actionPerformed
INFO:  button clicked - Collection
May 06, 2020 11:19:34 PM controller.BoardController drawCard
INFO: draw card - PlayPanel

May 06, 2020 11:19:37 PM gui.panels.PlayPanel actionPerformed
INFO: PlayCard button clicked - Collection
May 06, 2020 11:19:37 PM controller.BoardController playCard
INFO: played card - PlayPanel
May 06, 2020 11:19:40 PM gui.panels.PlayPanel actionPerformed
INFO: PlayCard button clicked - Collection
May 06, 2020 11:19:40 PM controller.BoardController playCard
INFO: played card - PlayPanel
May 06, 2020 11:19:43 PM gui.panels.PlayPanel actionPerformed
INFO:  button clicked - Collection
May 06, 2020 11:19:43 PM controller.BoardController drawCard
INFO: draw card - PlayPanel

May 06, 2020 11:19:48 PM gui.panels.PlayPanel actionPerformed
INFO: PlayCard button clicked - Collection
May 06, 2020 11:19:48 PM controller.BoardController playCard
INFO: played card - PlayPanel
May 06, 2020 11:19:50 PM gui.panels.PlayPanel actionPerformed
INFO:  button clicked - Collection
May 06, 2020 11:19:50 PM controller.BoardController drawCard
INFO: draw card - PlayPanel

May 06, 2020 11:19:54 PM gui.panels.PlayPanel actionPerformed
INFO: PlayCard button clicked - Collection
May 06, 2020 11:19:54 PM controller.BoardController playCard
INFO: played card - PlayPanel
May 06, 2020 11:19:56 PM gui.panels.PlayPanel actionPerformed
INFO:  button clicked - Collection
May 06, 2020 11:19:56 PM controller.BoardController drawCard
INFO: draw card - PlayPanel

May 06, 2020 11:20:00 PM gui.panels.PlayPanel actionPerformed
INFO: PlayCard button clicked - Collection
May 06, 2020 11:20:00 PM controller.BoardController playCard
INFO: played card - PlayPanel
May 06, 2020 11:20:02 PM gui.panels.PlayPanel actionPerformed
INFO:  button clicked - Collection
May 06, 2020 11:20:02 PM controller.BoardController drawCard
INFO: draw card - PlayPanel

May 06, 2020 11:20:05 PM gui.panels.PlayPanel actionPerformed
INFO: PlayCard button clicked - Collection
May 06, 2020 11:20:05 PM controller.BoardController playCard
INFO: played card - PlayPanel
May 06, 2020 11:20:24 PM gui.panels.PlayPanel actionPerformed
INFO:  button clicked - Collection
May 06, 2020 11:20:24 PM controller.BoardController drawCard
INFO: draw card - PlayPanel

May 06, 2020 11:20:28 PM gui.panels.PlayPanel actionPerformed
INFO: PlayCard button clicked - Collection
