May 06, 2020 11:55:31 PM controller.PlayerController SignUp
INFO: USER  : ooouuuu
CREATED AT : 2020/05/06 23:55:31
PASSWORD : d13150fd106676133ad3bd816c2c7a57a3638029

May 06, 2020 11:55:33 PM gui.GameFrame goToPanel
INFO: Panel changed to mainMenu
May 06, 2020 11:55:53 PM gui.GameFrame goToPanel
INFO: Panel changed to collectionPanel
May 06, 2020 11:55:53 PM gui.panels.MainMenu actionPerformed
INFO: collection button clicked - MainMenu
May 06, 2020 11:56:02 PM gui.panels.CollectionPanel actionPerformed
INFO: Unlocked Cards button clicked - Collection
May 06, 2020 11:56:05 PM gui.panels.CollectionPanel stateChanged
INFO: mana filter state changed to 0
May 06, 2020 11:56:05 PM gui.panels.CollectionPanel stateChanged
INFO: mana filter state changed to 1
May 06, 2020 11:56:07 PM gui.panels.CollectionPanel stateChanged
INFO: mana filter state changed to 1
May 06, 2020 11:56:11 PM gui.panels.CollectionPanel stateChanged
INFO: mana filter state changed to 1
May 06, 2020 11:56:11 PM gui.panels.CollectionPanel stateChanged
INFO: mana filter state changed to 2
May 06, 2020 11:56:12 PM gui.panels.CollectionPanel stateChanged
INFO: mana filter state changed to 2
May 06, 2020 11:56:12 PM gui.panels.CollectionPanel stateChanged
INFO: mana filter state changed to 2
May 06, 2020 11:56:13 PM gui.panels.CollectionPanel stateChanged
INFO: mana filter state changed to 2
May 06, 2020 11:56:13 PM gui.panels.CollectionPanel stateChanged
INFO: mana filter state changed to 2
May 06, 2020 11:56:13 PM gui.panels.CollectionPanel stateChanged
INFO: mana filter state changed to 2
May 06, 2020 11:56:26 PM gui.panels.CollectionPanel stateChanged
INFO: mana filter state changed to 2
May 06, 2020 11:56:27 PM gui.panels.CollectionPanel stateChanged
INFO: mana filter state changed to 6
May 06, 2020 11:56:27 PM gui.panels.CollectionPanel stateChanged
INFO: mana filter state changed to 6
May 06, 2020 11:56:28 PM gui.panels.CollectionPanel stateChanged
INFO: mana filter state changed to 6
May 06, 2020 11:56:28 PM gui.panels.CollectionPanel stateChanged
INFO: mana filter state changed to 7
May 06, 2020 11:56:28 PM gui.panels.CollectionPanel stateChanged
INFO: mana filter state changed to 7
May 06, 2020 11:56:28 PM gui.panels.CollectionPanel stateChanged
INFO: mana filter state changed to 7
May 06, 2020 11:56:28 PM gui.panels.CollectionPanel stateChanged
INFO: mana filter state changed to 7
May 06, 2020 11:56:31 PM gui.panels.CollectionPanel stateChanged
INFO: mana filter state changed to 7
May 06, 2020 11:56:31 PM gui.panels.CollectionPanel stateChanged
INFO: mana filter state changed to 6
May 06, 2020 11:56:31 PM gui.panels.CollectionPanel stateChanged
INFO: mana filter state changed to 6
May 06, 2020 11:56:32 PM gui.panels.CollectionPanel stateChanged
INFO: mana filter state changed to 6
May 06, 2020 11:56:32 PM gui.panels.CollectionPanel stateChanged
INFO: mana filter state changed to 6
May 07, 2020 12:03:30 AM gui.panels.CollectionPanel actionPerformed
INFO: Locked Cards button clicked - Collection
May 07, 2020 12:03:35 AM gui.panels.CollectionPanel stateChanged
INFO: mana filter state changed to 6
May 07, 2020 12:03:35 AM gui.panels.CollectionPanel stateChanged
INFO: mana filter state changed to 6
May 07, 2020 12:11:40 AM gui.GameFrame goToPanel
INFO: Panel changed to mainMenu
May 07, 2020 12:11:46 AM controller.PlayerController setPassives
INFO: passive ManaJump selected - PlayPanel
May 07, 2020 12:11:46 AM controller.BoardController drawCard
INFO: draw card - PlayPanel

May 07, 2020 12:11:46 AM gui.GameFrame goToPanel
INFO: Panel changed to playPanel
May 07, 2020 12:11:46 AM gui.panels.MainMenu actionPerformed
INFO: play button clicked - MainMenu
May 07, 2020 12:12:17 AM gui.panels.PlayPanel actionPerformed
INFO:  button clicked - Collection
May 07, 2020 12:12:17 AM controller.BoardController drawCard
INFO: draw card - PlayPanel

May 07, 2020 12:12:18 AM gui.panels.PlayPanel actionPerformed
INFO:  button clicked - Collection
May 07, 2020 12:12:18 AM controller.BoardController drawCard
INFO: draw card - PlayPanel

May 07, 2020 12:12:19 AM gui.panels.PlayPanel actionPerformed
INFO:  button clicked - Collection
May 07, 2020 12:12:20 AM controller.BoardController drawCard
INFO: draw card - PlayPanel

May 07, 2020 12:12:21 AM gui.panels.PlayPanel actionPerformed
INFO:  button clicked - Collection
May 07, 2020 12:12:21 AM controller.BoardController drawCard
INFO: draw card - PlayPanel

May 07, 2020 12:12:28 AM gui.panels.PlayPanel actionPerformed
INFO:  button clicked - Collection
May 07, 2020 12:12:28 AM controller.BoardController drawCard
INFO: draw card - PlayPanel

May 07, 2020 12:12:28 AM gui.panels.PlayPanel actionPerformed
INFO:  button clicked - Collection
May 07, 2020 12:12:28 AM controller.BoardController drawCard
INFO: draw card - PlayPanel

May 07, 2020 12:12:28 AM gui.panels.PlayPanel actionPerformed
INFO:  button clicked - Collection
May 07, 2020 12:12:28 AM gui.panels.PlayPanel actionPerformed
INFO:  button clicked - Collection
May 07, 2020 12:12:28 AM gui.panels.PlayPanel actionPerformed
INFO:  button clicked - Collection
May 07, 2020 12:14:32 AM gui.GameFrame goToPanel
INFO: Panel changed to mainMenu
May 07, 2020 12:14:38 AM gui.GameFrame goToPanel
INFO: Panel changed to playPanel
May 07, 2020 12:14:38 AM gui.panels.MainMenu actionPerformed
INFO: play button clicked - MainMenu
May 07, 2020 12:14:41 AM gui.panels.PlayPanel actionPerformed
INFO:  button clicked - Collection
May 07, 2020 12:14:44 AM gui.panels.PlayPanel actionPerformed
INFO:  button clicked - Collection
May 07, 2020 12:14:47 AM gui.panels.PlayPanel actionPerformed
INFO:  button clicked - Collection
