May 05, 2020 11:02:35 PM controller.PlayerController SignUp
INFO: USER  : ppppppppp
CREATED AT : 2020/05/05 23:02:35
PASSWORD : f4def40efe776721ad49ac005e58858faba92d4f

May 05, 2020 11:02:37 PM gui.GameFrame goToPanel
INFO: Panel changed to mainMenu
May 05, 2020 11:02:45 PM gui.GameFrame goToPanel
INFO: Panel changed to collectionPanel
May 05, 2020 11:02:45 PM gui.panels.MainMenu actionPerformed
INFO: collection button clicked - MainMenu
May 05, 2020 11:02:46 PM gui.panels.CollectionPanel actionPerformed
INFO: All Cards button clicked - Collection
May 05, 2020 11:05:05 PM gui.GameFrame goToPanel
INFO: Panel changed to mainMenu
May 05, 2020 11:05:10 PM gui.GameFrame goToPanel
INFO: Panel changed to statusPanel
May 05, 2020 11:05:10 PM gui.panels.MainMenu actionPerformed
INFO: status button clicked - MainMenu
May 05, 2020 11:05:12 PM gui.panels.StatusPanel$2 actionPerformed
INFO:  button clicked - Status - to show information of deck optional Mage deck
May 05, 2020 11:05:19 PM gui.GameFrame goToPanel
INFO: Panel changed to mainMenu
May 05, 2020 11:05:25 PM gui.GameFrame goToPanel
INFO: Panel changed to shopPanel
May 05, 2020 11:05:25 PM gui.panels.MainMenu actionPerformed
INFO: shop button clicked - MainMenu
May 05, 2020 11:05:29 PM gui.panels.ShopPanel actionPerformed
INFO: button clicked to illustrate buy show case - Shop
May 05, 2020 11:05:40 PM gui.GameFrame goToPanel
INFO: Panel changed to mainMenu
May 05, 2020 11:05:44 PM gui.GameFrame goToPanel
INFO: Panel changed to settingsPanel
May 05, 2020 11:05:44 PM gui.panels.MainMenu actionPerformed
INFO: settings button clicked - MainMenu
May 05, 2020 11:09:32 PM gui.GameFrame goToPanel
INFO: Panel changed to mainMenu
May 05, 2020 11:09:35 PM gui.GameFrame goToPanel
INFO: Panel changed to playPanel
May 05, 2020 11:09:40 PM gui.panels.MainMenu setPassives
INFO: passive TwiceDraw selected - PlayPanel
May 05, 2020 11:09:40 PM gui.panels.MainMenu actionPerformed
INFO: play button clicked - MainMenu
May 05, 2020 11:09:49 PM gui.GameFrame goToPanel
INFO: Panel changed to mainMenu
May 05, 2020 11:09:54 PM gui.GameFrame goToPanel
INFO: Panel changed to statusPanel
May 05, 2020 11:09:54 PM gui.panels.MainMenu actionPerformed
INFO: status button clicked - MainMenu
May 05, 2020 11:09:57 PM gui.GameFrame goToPanel
INFO: Panel changed to mainMenu
May 05, 2020 11:09:59 PM gui.GameFrame goToPanel
INFO: Panel changed to collectionPanel
May 05, 2020 11:09:59 PM gui.panels.MainMenu actionPerformed
INFO: collection button clicked - MainMenu
May 05, 2020 11:10:02 PM gui.GameFrame goToPanel
INFO: Panel changed to mainMenu
May 05, 2020 11:10:04 PM gui.GameFrame goToPanel
INFO: Panel changed to collectionPanel
May 05, 2020 11:10:05 PM gui.panels.MainMenu actionPerformed
INFO: collection button clicked - MainMenu
May 05, 2020 11:10:08 PM gui.panels.CollectionPanel lambda$updateDeckCards$1
INFO: card clicked for showing its info - Collection 
May 05, 2020 11:10:10 PM gui.panels.CollectionPanel actionPerformed
INFO: Delete Card button clicked - Collection
May 05, 2020 11:10:12 PM gui.panels.CollectionPanel actionPerformed
INFO: deleted card : Backstab - Collection
May 05, 2020 11:10:16 PM gui.GameFrame goToPanel
INFO: Panel changed to mainMenu
May 05, 2020 11:10:21 PM gui.GameFrame goToPanel
INFO: Panel changed to collectionPanel
May 05, 2020 11:10:21 PM gui.panels.MainMenu actionPerformed
INFO: play button clicked - MainMenu
May 05, 2020 11:10:27 PM gui.panels.CollectionPanel actionPerformed
INFO: Unlocked Cards button clicked - Collection
May 05, 2020 11:10:33 PM gui.panels.CollectionPanel lambda$updateCardsShowCase$0
INFO: button clicked for adding a card to deck - Collection - MalygossExplosion added to deck : optional Mage deck
May 05, 2020 11:10:38 PM gui.GameFrame goToPanel
INFO: Panel changed to mainMenu
May 05, 2020 11:10:41 PM gui.GameFrame goToPanel
INFO: Panel changed to playPanel
May 05, 2020 11:10:50 PM gui.GameFrame goToPanel
INFO: Panel changed to mainMenu
May 05, 2020 11:10:54 PM gui.GameFrame goToPanel
INFO: Panel changed to playPanel
May 05, 2020 11:10:55 PM gui.panels.MainMenu setPassives
INFO: passive TwiceDraw selected - PlayPanel
May 05, 2020 11:10:55 PM gui.panels.MainMenu actionPerformed
INFO: play button clicked - MainMenu
May 05, 2020 11:11:07 PM gui.panels.PlayPanel actionPerformed
INFO:  button clicked - Collection
May 05, 2020 11:11:07 PM controller.BoardController drawCard
INFO: draw card - PlayPanel

May 05, 2020 11:11:07 PM controller.BoardController drawCard
INFO: draw card - PlayPanel

May 05, 2020 11:11:31 PM gui.panels.PlayPanel actionPerformed
INFO: PlayCard button clicked - Collection
May 05, 2020 11:11:31 PM controller.BoardController playCard
INFO: played card - PlayPanel
May 05, 2020 11:11:35 PM gui.GameFrame goToPanel
INFO: Panel changed to mainMenu
