May 06, 2020 4:36:53 PM controller.PlayerController SignUp
INFO: USER  : ppppp
CREATED AT : 2020/05/06 16:36:53
PASSWORD : b3054ff0797ff0b2bbce03ec897fe63e0b6490e0

May 06, 2020 4:36:56 PM gui.GameFrame goToPanel
INFO: Panel changed to mainMenu
May 06, 2020 4:37:02 PM controller.BoardController drawCard
INFO: draw card - PlayPanel

May 06, 2020 4:37:02 PM gui.GameFrame goToPanel
INFO: Panel changed to playPanel
May 06, 2020 4:38:11 PM gui.panels.MainMenu setPassives
INFO: passive ManaJump selected - PlayPanel
May 06, 2020 4:38:12 PM gui.panels.MainMenu actionPerformed
INFO: play button clicked - MainMenu
May 06, 2020 4:38:13 PM gui.panels.PlayPanel actionPerformed
INFO:  button clicked - Collection
May 06, 2020 4:38:14 PM controller.BoardController drawCard
INFO: draw card - PlayPanel

May 06, 2020 4:38:21 PM gui.panels.PlayPanel actionPerformed
INFO: PlayCard button clicked - Collection
May 06, 2020 4:38:21 PM controller.BoardController playCard
INFO: played card - PlayPanel
May 06, 2020 4:38:26 PM gui.panels.PlayPanel actionPerformed
INFO: PlayCard button clicked - Collection
