May 06, 2020 1:41:03 AM controller.PlayerController SignUp
INFO: USER  : qqqqqqq
CREATED AT : 2020/05/06 01:41:03
PASSWORD : 3d978f314200eb1bda01449bd477c46a816a9f06

May 06, 2020 1:41:05 AM gui.GameFrame goToPanel
INFO: Panel changed to mainMenu
May 06, 2020 1:41:14 AM controller.BoardController drawCard
INFO: draw card - PlayPanel

May 06, 2020 1:41:15 AM gui.GameFrame goToPanel
INFO: Panel changed to playPanel
May 06, 2020 1:41:19 AM gui.panels.MainMenu setPassives
INFO: passive TwiceDraw selected - PlayPanel
May 06, 2020 1:41:19 AM gui.panels.MainMenu actionPerformed
INFO: play button clicked - MainMenu
May 06, 2020 1:41:28 AM gui.panels.PlayPanel actionPerformed
INFO: PlayCard button clicked - Collection
May 06, 2020 1:41:34 AM gui.GameFrame goToPanel
INFO: Panel changed to mainMenu
May 06, 2020 1:47:32 AM gui.GameFrame goToPanel
INFO: Panel changed to collectionPanel
May 06, 2020 1:47:32 AM gui.panels.MainMenu actionPerformed
INFO: collection button clicked - MainMenu
May 06, 2020 1:48:08 AM gui.panels.CollectionPanel actionPerformed
INFO: All Cards button clicked - Collection
May 06, 2020 1:48:15 AM gui.panels.CollectionPanel actionPerformed
INFO: Locked Cards button clicked - Collection
May 06, 2020 1:48:18 AM gui.panels.CollectionPanel actionPerformed
INFO: Unlocked Cards button clicked - Collection
May 06, 2020 1:48:19 AM gui.panels.CollectionPanel actionPerformed
INFO: Class Cards button clicked - Collection
May 06, 2020 1:48:20 AM gui.panels.CollectionPanel actionPerformed
INFO: Neutral Cards button clicked - Collection
May 06, 2020 1:48:25 AM gui.GameFrame goToPanel
INFO: Panel changed to mainMenu
May 06, 2020 1:48:32 AM gui.GameFrame goToPanel
INFO: Panel changed to settingsPanel
May 06, 2020 1:48:32 AM gui.panels.MainMenu actionPerformed
INFO: settings button clicked - MainMenu
May 06, 2020 1:49:54 AM gui.GameFrame goToPanel
INFO: Panel changed to mainMenu
May 06, 2020 1:50:00 AM gui.GameFrame goToPanel
INFO: Panel changed to statusPanel
May 06, 2020 1:50:00 AM gui.panels.MainMenu actionPerformed
INFO: status button clicked - MainMenu
May 06, 2020 1:50:06 AM gui.panels.StatusPanel$2 actionPerformed
INFO:  button clicked - Status - to show information of deck optional Mage deck
May 06, 2020 1:50:11 AM gui.GameFrame goToPanel
INFO: Panel changed to mainMenu
May 06, 2020 1:50:18 AM controller.BoardController drawCard
INFO: draw card - PlayPanel

May 06, 2020 1:50:18 AM gui.GameFrame goToPanel
INFO: Panel changed to playPanel
May 06, 2020 1:50:21 AM gui.panels.MainMenu setPassives
INFO: passive FreePower selected - PlayPanel
May 06, 2020 1:50:21 AM gui.panels.MainMenu actionPerformed
INFO: play button clicked - MainMenu
