May 06, 2020 6:21:35 PM controller.PlayerController SignUp
INFO: USER  : sdsd
CREATED AT : 2020/05/06 18:21:35
PASSWORD : bf9661defa3daecacfde5bde0214c4a439351d4d

May 06, 2020 6:21:38 PM gui.GameFrame goToPanel
INFO: Panel changed to mainMenu
May 06, 2020 6:21:46 PM controller.BoardController drawCard
INFO: draw card - PlayPanel

May 06, 2020 6:21:46 PM gui.GameFrame goToPanel
INFO: Panel changed to playPanel
May 06, 2020 6:21:51 PM gui.panels.MainMenu setPassives
INFO: passive OffCards selected - PlayPanel
May 06, 2020 6:21:51 PM gui.panels.MainMenu actionPerformed
INFO: play button clicked - MainMenu
May 06, 2020 6:21:53 PM gui.panels.PlayPanel actionPerformed
INFO:  button clicked - Collection
May 06, 2020 6:21:53 PM controller.BoardController drawCard
INFO: draw card - PlayPanel

May 06, 2020 6:22:08 PM gui.panels.PlayPanel actionPerformed
INFO:  button clicked - Collection
May 06, 2020 6:22:08 PM controller.BoardController drawCard
INFO: draw card - PlayPanel

May 06, 2020 6:22:16 PM gui.panels.PlayPanel actionPerformed
INFO: PlayCard button clicked - Collection
May 06, 2020 6:22:17 PM controller.BoardController playCard
INFO: played card - PlayPanel
May 06, 2020 6:22:28 PM gui.panels.PlayPanel actionPerformed
INFO: PlayCard button clicked - Collection
May 06, 2020 6:25:10 PM gui.panels.PlayPanel actionPerformed
INFO: PlayCard button clicked - Collection
May 06, 2020 6:25:11 PM controller.BoardController playCard
INFO: played card - PlayPanel
May 06, 2020 6:25:14 PM gui.panels.PlayPanel actionPerformed
INFO:  button clicked - Collection
May 06, 2020 6:25:14 PM controller.BoardController drawCard
INFO: draw card - PlayPanel

May 06, 2020 6:25:22 PM gui.panels.PlayPanel actionPerformed
INFO: PlayCard button clicked - Collection
May 06, 2020 6:25:22 PM controller.BoardController playCard
INFO: played card - PlayPanel
May 06, 2020 6:25:28 PM gui.panels.PlayPanel actionPerformed
INFO:  button clicked - Collection
May 06, 2020 6:25:28 PM controller.BoardController drawCard
INFO: draw card - PlayPanel

May 06, 2020 6:25:31 PM gui.panels.PlayPanel actionPerformed
INFO: PlayCard button clicked - Collection
May 06, 2020 6:25:31 PM controller.BoardController playCard
INFO: played card - PlayPanel
May 06, 2020 6:25:35 PM gui.panels.PlayPanel actionPerformed
INFO: PlayCard button clicked - Collection
May 06, 2020 6:25:35 PM controller.BoardController playCard
INFO: played card - PlayPanel
May 06, 2020 6:25:40 PM gui.panels.PlayPanel actionPerformed
INFO: PlayCard button clicked - Collection
May 06, 2020 6:25:40 PM controller.BoardController playCard
INFO: played card - PlayPanel
May 06, 2020 6:25:42 PM gui.panels.PlayPanel actionPerformed
INFO:  button clicked - Collection
May 06, 2020 6:25:42 PM controller.BoardController drawCard
INFO: draw card - PlayPanel

May 06, 2020 6:25:44 PM gui.panels.PlayPanel actionPerformed
INFO: PlayCard button clicked - Collection
May 06, 2020 6:25:44 PM controller.BoardController playCard
INFO: played card - PlayPanel
May 06, 2020 6:25:52 PM gui.panels.PlayPanel actionPerformed
INFO: start button clicked - Collection
May 06, 2020 6:25:54 PM controller.BoardController drawCard
INFO: draw card - PlayPanel

May 06, 2020 6:25:54 PM gui.GameFrame goToPanel
INFO: Panel changed to playPanel
May 06, 2020 6:26:07 PM gui.panels.PlayPanel actionPerformed
INFO:  button clicked - Collection
May 06, 2020 6:26:07 PM controller.BoardController drawCard
INFO: draw card - PlayPanel

May 06, 2020 6:26:13 PM gui.panels.PlayPanel actionPerformed
INFO: PlayCard button clicked - Collection
May 06, 2020 6:26:13 PM controller.BoardController playCard
INFO: played card - PlayPanel
