May 05, 2020 11:22:12 PM controller.PlayerController SignUp
INFO: USER  : tttiii
CREATED AT : 2020/05/05 23:22:12
PASSWORD : 30531c2885ce61b385dc81d2a375f6bef80607d5

May 05, 2020 11:22:13 PM gui.GameFrame goToPanel
INFO: Panel changed to mainMenu
May 05, 2020 11:22:17 PM gui.GameFrame goToPanel
INFO: Panel changed to playPanel
May 05, 2020 11:22:19 PM gui.panels.MainMenu setPassives
INFO: passive OffCards selected - PlayPanel
May 05, 2020 11:22:19 PM gui.panels.MainMenu actionPerformed
INFO: play button clicked - MainMenu
May 05, 2020 11:22:25 PM gui.panels.PlayPanel actionPerformed
INFO: start button clicked - Collection
May 05, 2020 11:22:31 PM gui.panels.PlayPanel actionPerformed
INFO:  button clicked - Collection
May 05, 2020 11:22:31 PM controller.BoardController drawCard
INFO: draw card - PlayPanel

May 05, 2020 11:22:32 PM gui.panels.PlayPanel actionPerformed
INFO:  button clicked - Collection
May 05, 2020 11:22:32 PM controller.BoardController drawCard
INFO: draw card - PlayPanel

May 05, 2020 11:22:33 PM gui.panels.PlayPanel actionPerformed
INFO:  button clicked - Collection
May 05, 2020 11:22:33 PM controller.BoardController drawCard
INFO: draw card - PlayPanel

May 05, 2020 11:22:33 PM gui.panels.PlayPanel actionPerformed
INFO:  button clicked - Collection
May 05, 2020 11:22:33 PM controller.BoardController drawCard
INFO: draw card - PlayPanel

May 05, 2020 11:22:35 PM gui.panels.PlayPanel actionPerformed
INFO: start button clicked - Collection
May 05, 2020 11:22:37 PM gui.panels.PlayPanel actionPerformed
INFO: start button clicked - Collection
May 05, 2020 11:22:38 PM gui.panels.PlayPanel actionPerformed
INFO: start button clicked - Collection
May 05, 2020 11:22:39 PM gui.panels.PlayPanel actionPerformed
INFO: start button clicked - Collection
