May 05, 2020 10:16:34 PM controller.PlayerController SignUp
INFO: USER  : uue
CREATED AT : 2020/05/05 22:16:34
PASSWORD : b2a7cdc21bb11911a8d91dcf2dea9365a0ac3172

May 05, 2020 10:16:36 PM gui.GameFrame goToPanel
INFO: Panel changed to mainMenu
May 05, 2020 10:16:43 PM gui.GameFrame goToPanel
INFO: Panel changed to shopPanel
May 05, 2020 10:16:43 PM gui.panels.MainMenu actionPerformed
INFO: shop button clicked - MainMenu
May 05, 2020 10:19:16 PM gui.GameFrame goToPanel
INFO: Panel changed to mainMenu
May 05, 2020 10:19:19 PM gui.GameFrame goToPanel
INFO: Panel changed to collectionPanel
May 05, 2020 10:19:19 PM gui.panels.MainMenu actionPerformed
INFO: collection button clicked - MainMenu
May 05, 2020 10:19:31 PM gui.panels.CollectionPanel actionPerformed
INFO: All Cards button clicked - Collection
May 05, 2020 10:19:35 PM gui.panels.CollectionPanel actionPerformed
INFO: All Cards button clicked - Collection
May 05, 2020 10:20:02 PM gui.GameFrame goToPanel
INFO: Panel changed to mainMenu
May 05, 2020 10:20:06 PM gui.GameFrame goToPanel
INFO: Panel changed to settingsPanel
May 05, 2020 10:20:06 PM gui.panels.MainMenu actionPerformed
INFO: settings button clicked - MainMenu
