May 06, 2020 1:07:20 AM controller.PlayerController SignUp
INFO: USER  : uuuuuuu
CREATED AT : 2020/05/06 01:07:20
PASSWORD : e80f57a4867b22a5010145e61d45e7af8e2fcfd6

May 06, 2020 1:07:22 AM gui.GameFrame goToPanel
INFO: Panel changed to mainMenu
May 06, 2020 1:07:23 AM gui.GameFrame goToPanel
INFO: Panel changed to settingsPanel
May 06, 2020 1:07:23 AM gui.panels.MainMenu actionPerformed
INFO: settings button clicked - MainMenu
May 06, 2020 1:07:27 AM gui.GameFrame goToPanel
INFO: Panel changed to mainMenu
May 06, 2020 1:07:31 AM gui.GameFrame goToPanel
INFO: Panel changed to collectionPanel
May 06, 2020 1:07:31 AM gui.panels.MainMenu actionPerformed
INFO: collection button clicked - MainMenu
May 06, 2020 1:07:33 AM gui.panels.CollectionPanel actionPerformed
INFO: Creat Deck button clicked - Collection
May 06, 2020 1:07:37 AM gui.panels.CollectionPanel actionPerformed
INFO: created deckttttt - Collection
May 06, 2020 1:07:43 AM gui.GameFrame goToPanel
INFO: Panel changed to mainMenu
May 06, 2020 1:07:46 AM gui.GameFrame goToPanel
INFO: Panel changed to statusPanel
May 06, 2020 1:07:46 AM gui.panels.MainMenu actionPerformed
INFO: status button clicked - MainMenu
