May 05, 2020 10:56:11 PM controller.PlayerController SignUp
INFO: USER  : www
CREATED AT : 2020/05/05 22:56:11
PASSWORD : c50267b906a652f2142cfab006e215c9f6fdc8a0

May 05, 2020 10:56:13 PM gui.GameFrame goToPanel
INFO: Panel changed to mainMenu
May 05, 2020 10:56:16 PM gui.GameFrame goToPanel
INFO: Panel changed to collectionPanel
May 05, 2020 10:56:16 PM gui.panels.MainMenu actionPerformed
INFO: collection button clicked - MainMenu
May 05, 2020 10:56:18 PM gui.panels.CollectionPanel actionPerformed
INFO: All Cards button clicked - Collection
May 05, 2020 10:56:28 PM gui.panels.CollectionPanel actionPerformed
INFO: Locked Cards button clicked - Collection
May 05, 2020 10:56:28 PM gui.panels.CollectionPanel actionPerformed
INFO: Unlocked Cards button clicked - Collection
May 05, 2020 10:56:29 PM gui.panels.CollectionPanel actionPerformed
INFO: Class Cards button clicked - Collection
May 05, 2020 10:56:31 PM gui.panels.CollectionPanel actionPerformed
INFO: Class Cards button clicked - Collection
May 05, 2020 10:56:32 PM gui.panels.CollectionPanel actionPerformed
INFO: Neutral Cards button clicked - Collection
May 05, 2020 10:56:35 PM gui.panels.CollectionPanel actionPerformed
INFO: Unlocked Cards button clicked - Collection
May 05, 2020 10:56:39 PM gui.panels.CollectionPanel actionPerformed
INFO: Locked Cards button clicked - Collection
