May 05, 2020 9:55:31 PM controller.PlayerController SignUp
INFO: USER  : yyyyyyyyy
CREATED AT : 2020/05/05 21:55:31
PASSWORD : 8578173555a47d4ea49e697badfda270dee0858f

May 05, 2020 9:55:33 PM gui.GameFrame goToPanel
INFO: Panel changed to mainMenu
May 05, 2020 9:55:38 PM gui.panels.PlayPanel setPassives
INFO: passive TwiceDraw selected - PlayPanel
May 05, 2020 9:55:38 PM controller.BoardController drawCard
INFO: draw card - PlayPanel

May 05, 2020 9:55:38 PM gui.GameFrame goToPanel
INFO: Panel changed to playPanel
May 05, 2020 9:55:38 PM gui.panels.MainMenu actionPerformed
INFO: play button clicked - MainMenu
May 05, 2020 9:55:41 PM gui.panels.PlayPanel actionPerformed
INFO:  button clicked - Collection
May 05, 2020 9:55:41 PM controller.BoardController drawCard
INFO: draw card - PlayPanel

May 05, 2020 9:55:44 PM gui.panels.PlayPanel actionPerformed
INFO: PlayCard button clicked - Collection
May 05, 2020 9:55:48 PM gui.panels.PlayPanel actionPerformed
INFO: PlayCard button clicked - Collection
May 05, 2020 9:55:48 PM controller.BoardController playCard
INFO: played card - PlayPanel
May 05, 2020 9:55:51 PM gui.panels.PlayPanel actionPerformed
INFO: PlayCard button clicked - Collection
May 05, 2020 9:55:54 PM gui.panels.PlayPanel actionPerformed
INFO:  button clicked - Collection
May 05, 2020 9:55:54 PM controller.BoardController drawCard
INFO: draw card - PlayPanel

May 05, 2020 9:55:59 PM gui.panels.PlayPanel actionPerformed
INFO: PlayCard button clicked - Collection
May 05, 2020 9:55:59 PM controller.BoardController playCard
INFO: played card - PlayPanel
May 05, 2020 9:56:03 PM gui.panels.PlayPanel actionPerformed
INFO:  button clicked - Collection
May 05, 2020 9:56:03 PM controller.BoardController drawCard
INFO: draw card - PlayPanel

May 05, 2020 9:56:14 PM gui.panels.PlayPanel actionPerformed
INFO: PlayCard button clicked - Collection
May 05, 2020 9:56:14 PM controller.BoardController playCard
INFO: played card - PlayPanel
May 05, 2020 9:56:17 PM gui.panels.PlayPanel actionPerformed
INFO:  button clicked - Collection
May 05, 2020 9:56:17 PM controller.BoardController drawCard
INFO: draw card - PlayPanel

May 05, 2020 9:56:23 PM gui.panels.PlayPanel actionPerformed
INFO: PlayCard button clicked - Collection
May 05, 2020 9:56:23 PM controller.BoardController playCard
INFO: played card - PlayPanel
May 05, 2020 9:56:26 PM gui.panels.PlayPanel actionPerformed
INFO: PlayCard button clicked - Collection
May 05, 2020 9:56:26 PM controller.BoardController playCard
INFO: played card - PlayPanel
May 05, 2020 9:56:32 PM gui.panels.PlayPanel actionPerformed
INFO: PlayCard button clicked - Collection
May 05, 2020 9:56:32 PM controller.BoardController playCard
INFO: played card - PlayPanel
May 05, 2020 9:56:35 PM gui.panels.PlayPanel actionPerformed
INFO: PlayCard button clicked - Collection
May 05, 2020 9:56:35 PM controller.BoardController playCard
INFO: played card - PlayPanel
May 05, 2020 9:56:39 PM gui.panels.PlayPanel actionPerformed
INFO:  button clicked - Collection
